Traceback (most recent call last):
  File "/Users/caballero/opt/anaconda3/envs/teaching/lib/python3.10/site-packages/jupyter_cache/executors/utils.py", line 51, in single_nb_execution
    executenb(
  File "/Users/caballero/opt/anaconda3/envs/teaching/lib/python3.10/site-packages/nbclient/client.py", line 1204, in execute
    return NotebookClient(nb=nb, resources=resources, km=km, **kwargs).execute()
  File "/Users/caballero/opt/anaconda3/envs/teaching/lib/python3.10/site-packages/nbclient/util.py", line 84, in wrapped
    return just_run(coro(*args, **kwargs))
  File "/Users/caballero/opt/anaconda3/envs/teaching/lib/python3.10/site-packages/nbclient/util.py", line 62, in just_run
    return loop.run_until_complete(coro)
  File "/Users/caballero/opt/anaconda3/envs/teaching/lib/python3.10/asyncio/base_events.py", line 646, in run_until_complete
    return future.result()
  File "/Users/caballero/opt/anaconda3/envs/teaching/lib/python3.10/site-packages/nbclient/client.py", line 663, in async_execute
    await self.async_execute_cell(
  File "/Users/caballero/opt/anaconda3/envs/teaching/lib/python3.10/site-packages/nbclient/client.py", line 965, in async_execute_cell
    await self._check_raise_for_error(cell, cell_index, exec_reply)
  File "/Users/caballero/opt/anaconda3/envs/teaching/lib/python3.10/site-packages/nbclient/client.py", line 862, in _check_raise_for_error
    raise CellExecutionError.from_cell_and_msg(cell, exec_reply_content)
nbclient.exceptions.CellExecutionError: An error occurred while executing the following cell:
------------------
def GravWithLinearDragPhasePortrait(Y,t,beta = 0.1):

## GravWithLinearDragPhasePortrait takes the position variable y1 and velocity variable y2 
## and returns the vectors that describe how each change in the phase space
## the parameter beta lets you adjust the strength of the linear drag
    
    y1, y2 = Y
    vectors = [y2, -9.8-beta*y2] ## Specific to the problem
    return vectors

beta = 0.3 ## DRAG COEFF

###########################
# All the same code below #
###########################

y1 = np.linspace(0.0, 10.0, 20)
y2 = np.linspace(-20.0, 2.0, 20)

Y1, Y2 = np.meshgrid(y1, y2)

t = 0

u, v = np.zeros(Y1.shape), np.zeros(Y2.shape)

X, Y = Y1.shape

for i in range(X):
    for j in range(Y):
        x = Y1[i, j]
        y = Y2[i, j]
        vectors = GravWithLinearDragPhasePortrait([x, y], t, beta)
        u[i,j] = vectors[0]
        v[i,j] = vectors[1]

ax = plt.figure(figsize=(10,6))
Q = plt.quiver(Y1, Y2, u, v, color='k')

plt.plot([-.1,11],[0,0],'-k')
plt.plot([0,0],[-21,3],'-k')
plt.xlabel('$y$')
plt.ylabel('$v_y$')

### Trajectory
t = np.linspace(0.1,10,1000)

y0, v0, g = 10.0, 0.0, 9.8
v_traj = v0-g/beta+(g/beta)*np.exp(-beta*t)
y_traj = y0 - (g/beta)*t + (g/beta**2)*(1-np.exp(-beta*t))

y0, v0, g = 10.0, -2.0, 9.8
v_traj3 = v0-g/beta+(g/beta)*np.exp(-beta*t)
y_traj3 = y0 - (g/beta)*t + (g/beta**2)*(1-np.exp(-beta*t))


plt.plot(y_traj, v_traj,'-b')
plt.plot(y_traj2, v_traj2,'-g')
plt.plot(y_traj3, v_traj3,'-r')


plt.xlabel('$y$')
plt.ylabel('$v_y$')

plt.xlim([-1, 11])
plt.ylim([-20, 5])
------------------

[0;31m---------------------------------------------------------------------------[0m
[0;31mNameError[0m                                 Traceback (most recent call last)
Input [0;32mIn [4][0m, in [0;36m<cell line: 57>[0;34m()[0m
[1;32m     53[0m y_traj3 [38;5;241m=[39m y0 [38;5;241m-[39m (g[38;5;241m/[39mbeta)[38;5;241m*[39mt [38;5;241m+[39m (g[38;5;241m/[39mbeta[38;5;241m*[39m[38;5;241m*[39m[38;5;241m2[39m)[38;5;241m*[39m([38;5;241m1[39m[38;5;241m-[39mnp[38;5;241m.[39mexp([38;5;241m-[39mbeta[38;5;241m*[39mt))
[1;32m     56[0m plt[38;5;241m.[39mplot(y_traj, v_traj,[38;5;124m'[39m[38;5;124m-b[39m[38;5;124m'[39m)
[0;32m---> 57[0m plt[38;5;241m.[39mplot([43my_traj2[49m, v_traj2,[38;5;124m'[39m[38;5;124m-g[39m[38;5;124m'[39m)
[1;32m     58[0m plt[38;5;241m.[39mplot(y_traj3, v_traj3,[38;5;124m'[39m[38;5;124m-r[39m[38;5;124m'[39m)
[1;32m     61[0m plt[38;5;241m.[39mxlabel([38;5;124m'[39m[38;5;124m$y$[39m[38;5;124m'[39m)

[0;31mNameError[0m: name 'y_traj2' is not defined
NameError: name 'y_traj2' is not defined

