Traceback (most recent call last):
  File "/Users/caballero/opt/anaconda3/envs/teaching/lib/python3.10/site-packages/jupyter_cache/executors/utils.py", line 51, in single_nb_execution
    executenb(
  File "/Users/caballero/opt/anaconda3/envs/teaching/lib/python3.10/site-packages/nbclient/client.py", line 1204, in execute
    return NotebookClient(nb=nb, resources=resources, km=km, **kwargs).execute()
  File "/Users/caballero/opt/anaconda3/envs/teaching/lib/python3.10/site-packages/nbclient/util.py", line 84, in wrapped
    return just_run(coro(*args, **kwargs))
  File "/Users/caballero/opt/anaconda3/envs/teaching/lib/python3.10/site-packages/nbclient/util.py", line 62, in just_run
    return loop.run_until_complete(coro)
  File "/Users/caballero/opt/anaconda3/envs/teaching/lib/python3.10/asyncio/base_events.py", line 646, in run_until_complete
    return future.result()
  File "/Users/caballero/opt/anaconda3/envs/teaching/lib/python3.10/site-packages/nbclient/client.py", line 663, in async_execute
    await self.async_execute_cell(
  File "/Users/caballero/opt/anaconda3/envs/teaching/lib/python3.10/site-packages/nbclient/client.py", line 965, in async_execute_cell
    await self._check_raise_for_error(cell, cell_index, exec_reply)
  File "/Users/caballero/opt/anaconda3/envs/teaching/lib/python3.10/site-packages/nbclient/client.py", line 862, in _check_raise_for_error
    raise CellExecutionError.from_cell_and_msg(cell, exec_reply_content)
nbclient.exceptions.CellExecutionError: An error occurred while executing the following cell:
------------------
rdot, vdot, thetadot, omegadot = ComputeBeadPhase(r,v,theta,omega)
------------------

[0;31m---------------------------------------------------------------------------[0m
[0;31mIndexError[0m                                Traceback (most recent call last)
Input [0;32mIn [3][0m, in [0;36m<cell line: 1>[0;34m()[0m
[0;32m----> 1[0m rdot, vdot, thetadot, omegadot [38;5;241m=[39m [43mComputeBeadPhase[49m[43m([49m[43mr[49m[43m,[49m[43mv[49m[43m,[49m[43mtheta[49m[43m,[49m[43momega[49m[43m)[49m

Input [0;32mIn [2][0m, in [0;36mComputeBeadPhase[0;34m(R, V, THETA, OMEGA, alpha)[0m
[1;32m     18[0m [38;5;66;03m## Set the limits of the loop based on how [39;00m
[1;32m     19[0m [38;5;66;03m## many points in the arrays we have[39;00m
[1;32m     20[0m rlim [38;5;241m=[39m R[38;5;241m.[39mshape[[38;5;241m0[39m]
[0;32m---> 21[0m vlim [38;5;241m=[39m [43mR[49m[38;5;241;43m.[39;49m[43mshape[49m[43m[[49m[38;5;241;43m1[39;49m[43m][49m
[1;32m     22[0m thetalim [38;5;241m=[39m R[38;5;241m.[39mshape[[38;5;241m2[39m]
[1;32m     23[0m omegalim [38;5;241m=[39m R[38;5;241m.[39mshape[[38;5;241m3[39m]

[0;31mIndexError[0m: tuple index out of range
IndexError: tuple index out of range

